CLIENT


  .   ____          _            __ _ _
 /\\ / ___'_ __ _ _(_)_ __  __ _ \ \ \ \
( ( )\___ | '_ | '_| | '_ \/ _` | \ \ \ \
 \\/  ___)| |_)| | | | | || (_| |  ) ) ) )
  '  |____| .__|_| |_|_| |_\__, | / / / /
 =========|_|==============|___/=/_/_/_/
 :: Spring Boot ::                (v2.7.0)

2022-05-29 22:40:55.286  INFO 733021 --- [           main] c.w.clientflux.ClientfluxApplication     : Starting ClientfluxApplication using Java 17.0.3 on cp1821 with PID 733021 (/home/mtuser/Projetos/pocs/git/webflux-threads-test/clientflux/target/classes started by mtuser in /home/mtuser/Projetos/pocs/git/gRPC/grpcproducer)
2022-05-29 22:40:55.288  INFO 733021 --- [           main] c.w.clientflux.ClientfluxApplication     : No active profile set, falling back to 1 default profile: "default"
2022-05-29 22:40:56.037  INFO 733021 --- [           main] o.s.b.w.embedded.tomcat.TomcatWebServer  : Tomcat initialized with port(s): 8082 (http)
2022-05-29 22:40:56.043  INFO 733021 --- [           main] o.apache.catalina.core.StandardService   : Starting service [Tomcat]
2022-05-29 22:40:56.043  INFO 733021 --- [           main] org.apache.catalina.core.StandardEngine  : Starting Servlet engine: [Apache Tomcat/9.0.63]
2022-05-29 22:40:56.128  INFO 733021 --- [           main] o.a.c.c.C.[Tomcat].[localhost].[/]       : Initializing Spring embedded WebApplicationContext
2022-05-29 22:40:56.128  INFO 733021 --- [           main] w.s.c.ServletWebServerApplicationContext : Root WebApplicationContext: initialization completed in 791 ms
2022-05-29 22:40:56.169  INFO 733021 --- [           main] com.webflux.clientflux.TestController    : Thread 25 Name Catalina-utility-2 State TIMED_WAITING Thread Group java.lang.ThreadGroup[name=main,maxpri=10]
2022-05-29 22:40:56.171  INFO 733021 --- [           main] com.webflux.clientflux.TestController    : Thread 12 Name Common-Cleaner State TIMED_WAITING Thread Group java.lang.ThreadGroup[name=InnocuousThreadGroup,maxpri=10]
2022-05-29 22:40:56.171  INFO 733021 --- [           main] com.webflux.clientflux.TestController    : Thread 13 Name Monitor Ctrl-Break State RUNNABLE Thread Group java.lang.ThreadGroup[name=main,maxpri=10]
2022-05-29 22:40:56.171  INFO 733021 --- [           main] com.webflux.clientflux.TestController    : Thread 22 Name RMI Scheduler(0) State TIMED_WAITING Thread Group java.lang.ThreadGroup[name=system,maxpri=10]
2022-05-29 22:40:56.171  INFO 733021 --- [           main] com.webflux.clientflux.TestController    : Thread 1 Name main State RUNNABLE Thread Group java.lang.ThreadGroup[name=main,maxpri=10]
2022-05-29 22:40:56.171  INFO 733021 --- [           main] com.webflux.clientflux.TestController    : Thread 20 Name Attach Listener State RUNNABLE Thread Group java.lang.ThreadGroup[name=system,maxpri=10]
2022-05-29 22:40:56.171  INFO 733021 --- [           main] com.webflux.clientflux.TestController    : Thread 26 Name container-0 State TIMED_WAITING Thread Group java.lang.ThreadGroup[name=main,maxpri=10]
2022-05-29 22:40:56.171  INFO 733021 --- [           main] com.webflux.clientflux.TestController    : Thread 24 Name Catalina-utility-1 State WAITING Thread Group java.lang.ThreadGroup[name=main,maxpri=10]
2022-05-29 22:40:56.171  INFO 733021 --- [           main] com.webflux.clientflux.TestController    : Thread 14 Name Notification Thread State RUNNABLE Thread Group java.lang.ThreadGroup[name=system,maxpri=10]
2022-05-29 22:40:56.171  INFO 733021 --- [           main] com.webflux.clientflux.TestController    : Thread 2 Name Reference Handler State RUNNABLE Thread Group java.lang.ThreadGroup[name=system,maxpri=10]
2022-05-29 22:40:56.171  INFO 733021 --- [           main] com.webflux.clientflux.TestController    : Thread 3 Name Finalizer State WAITING Thread Group java.lang.ThreadGroup[name=system,maxpri=10]
2022-05-29 22:40:56.171  INFO 733021 --- [           main] com.webflux.clientflux.TestController    : Thread 21 Name RMI TCP Connection(1)-127.0.0.1 State RUNNABLE Thread Group java.lang.ThreadGroup[name=RMI Runtime,maxpri=10]
2022-05-29 22:40:56.172  INFO 733021 --- [           main] com.webflux.clientflux.TestController    : Thread 4 Name Signal Dispatcher State RUNNABLE Thread Group java.lang.ThreadGroup[name=system,maxpri=10]
2022-05-29 22:40:56.172  INFO 733021 --- [           main] com.webflux.clientflux.TestController    : Thread 16 Name RMI TCP Accept-0 State RUNNABLE Thread Group java.lang.ThreadGroup[name=system,maxpri=10]
2022-05-29 22:40:56.479  INFO 733021 --- [           main] o.s.b.w.embedded.tomcat.TomcatWebServer  : Tomcat started on port(s): 8082 (http) with context path ''
2022-05-29 22:40:56.488  INFO 733021 --- [           main] c.w.clientflux.ClientfluxApplication     : Started ClientfluxApplication in 1.453 seconds (JVM running for 1.828)
2022-05-29 22:41:00.050  INFO 733021 --- [nio-8082-exec-1] o.a.c.c.C.[Tomcat].[localhost].[/]       : Initializing Spring DispatcherServlet 'dispatcherServlet'
2022-05-29 22:41:00.051  INFO 733021 --- [nio-8082-exec-1] o.s.web.servlet.DispatcherServlet        : Initializing Servlet 'dispatcherServlet'
2022-05-29 22:41:00.051  INFO 733021 --- [nio-8082-exec-1] o.s.web.servlet.DispatcherServlet        : Completed initialization in 0 ms
2022-05-29 22:41:00.102  INFO 733021 --- [nio-8082-exec-1] com.webflux.clientflux.TestController    : Start Thread http-nio-8082-exec-1 i 1
2022-05-29 22:41:00.121  INFO 733021 --- [nio-8082-exec-1] reactor.Mono.FlatMap.1                   : | onSubscribe([Fuseable] MonoFlatMap.FlatMapMain)
2022-05-29 22:41:00.121  INFO 733021 --- [nio-8082-exec-1] reactor.Mono.FlatMap.1                   : | request(unbounded)
2022-05-29 22:41:00.213  INFO 733021 --- [nio-8082-exec-1] com.webflux.clientflux.TestController    : End Thread http-nio-8082-exec-1 i 1 and response MonoLogFuseable
2022-05-29 22:41:00.214  INFO 733021 --- [nio-8082-exec-1] com.webflux.clientflux.TestController    : Start Thread http-nio-8082-exec-1 i 2
2022-05-29 22:41:00.214  INFO 733021 --- [nio-8082-exec-1] reactor.Mono.FlatMap.2                   : | onSubscribe([Fuseable] MonoFlatMap.FlatMapMain)
2022-05-29 22:41:00.214  INFO 733021 --- [nio-8082-exec-1] reactor.Mono.FlatMap.2                   : | request(unbounded)
2022-05-29 22:41:00.215  INFO 733021 --- [nio-8082-exec-1] com.webflux.clientflux.TestController    : End Thread http-nio-8082-exec-1 i 2 and response MonoLogFuseable
2022-05-29 22:41:00.215  INFO 733021 --- [nio-8082-exec-1] com.webflux.clientflux.TestController    : Start Thread http-nio-8082-exec-1 i 3
2022-05-29 22:41:00.215  INFO 733021 --- [nio-8082-exec-1] reactor.Mono.FlatMap.3                   : | onSubscribe([Fuseable] MonoFlatMap.FlatMapMain)
2022-05-29 22:41:00.215  INFO 733021 --- [nio-8082-exec-1] reactor.Mono.FlatMap.3                   : | request(unbounded)
2022-05-29 22:41:00.216  INFO 733021 --- [nio-8082-exec-1] com.webflux.clientflux.TestController    : End Thread http-nio-8082-exec-1 i 3 and response MonoLogFuseable
2022-05-29 22:41:00.216  INFO 733021 --- [nio-8082-exec-1] com.webflux.clientflux.TestController    : Start Thread http-nio-8082-exec-1 i 4
2022-05-29 22:41:00.216  INFO 733021 --- [nio-8082-exec-1] reactor.Mono.FlatMap.4                   : | onSubscribe([Fuseable] MonoFlatMap.FlatMapMain)
2022-05-29 22:41:00.216  INFO 733021 --- [nio-8082-exec-1] reactor.Mono.FlatMap.4                   : | request(unbounded)
2022-05-29 22:41:00.217  INFO 733021 --- [nio-8082-exec-1] com.webflux.clientflux.TestController    : End Thread http-nio-8082-exec-1 i 4 and response MonoLogFuseable
2022-05-29 22:41:00.217  INFO 733021 --- [nio-8082-exec-1] com.webflux.clientflux.TestController    : Start Thread http-nio-8082-exec-1 i 5
2022-05-29 22:41:00.217  INFO 733021 --- [nio-8082-exec-1] reactor.Mono.FlatMap.5                   : | onSubscribe([Fuseable] MonoFlatMap.FlatMapMain)
2022-05-29 22:41:00.217  INFO 733021 --- [nio-8082-exec-1] reactor.Mono.FlatMap.5                   : | request(unbounded)
2022-05-29 22:41:00.218  INFO 733021 --- [nio-8082-exec-1] com.webflux.clientflux.TestController    : End Thread http-nio-8082-exec-1 i 5 and response MonoLogFuseable
2022-05-29 22:41:00.218  INFO 733021 --- [nio-8082-exec-1] com.webflux.clientflux.TestController    : Start Thread http-nio-8082-exec-1 i 6
2022-05-29 22:41:00.218  INFO 733021 --- [nio-8082-exec-1] reactor.Mono.FlatMap.6                   : | onSubscribe([Fuseable] MonoFlatMap.FlatMapMain)
2022-05-29 22:41:00.218  INFO 733021 --- [nio-8082-exec-1] reactor.Mono.FlatMap.6                   : | request(unbounded)
2022-05-29 22:41:00.219  INFO 733021 --- [nio-8082-exec-1] com.webflux.clientflux.TestController    : End Thread http-nio-8082-exec-1 i 6 and response MonoLogFuseable
2022-05-29 22:41:00.219  INFO 733021 --- [nio-8082-exec-1] com.webflux.clientflux.TestController    : Start Thread http-nio-8082-exec-1 i 7
2022-05-29 22:41:00.219  INFO 733021 --- [nio-8082-exec-1] reactor.Mono.FlatMap.7                   : | onSubscribe([Fuseable] MonoFlatMap.FlatMapMain)
2022-05-29 22:41:00.219  INFO 733021 --- [nio-8082-exec-1] reactor.Mono.FlatMap.7                   : | request(unbounded)
2022-05-29 22:41:00.220  INFO 733021 --- [nio-8082-exec-1] com.webflux.clientflux.TestController    : End Thread http-nio-8082-exec-1 i 7 and response MonoLogFuseable
2022-05-29 22:41:00.220  INFO 733021 --- [nio-8082-exec-1] com.webflux.clientflux.TestController    : Start Thread http-nio-8082-exec-1 i 8
2022-05-29 22:41:00.220  INFO 733021 --- [nio-8082-exec-1] reactor.Mono.FlatMap.8                   : | onSubscribe([Fuseable] MonoFlatMap.FlatMapMain)
2022-05-29 22:41:00.220  INFO 733021 --- [nio-8082-exec-1] reactor.Mono.FlatMap.8                   : | request(unbounded)
2022-05-29 22:41:00.220  INFO 733021 --- [nio-8082-exec-1] com.webflux.clientflux.TestController    : End Thread http-nio-8082-exec-1 i 8 and response MonoLogFuseable
2022-05-29 22:41:00.220  INFO 733021 --- [nio-8082-exec-1] com.webflux.clientflux.TestController    : Start Thread http-nio-8082-exec-1 i 9
2022-05-29 22:41:00.221  INFO 733021 --- [nio-8082-exec-1] reactor.Mono.FlatMap.9                   : | onSubscribe([Fuseable] MonoFlatMap.FlatMapMain)
2022-05-29 22:41:00.221  INFO 733021 --- [nio-8082-exec-1] reactor.Mono.FlatMap.9                   : | request(unbounded)
2022-05-29 22:41:00.221  INFO 733021 --- [nio-8082-exec-1] com.webflux.clientflux.TestController    : End Thread http-nio-8082-exec-1 i 9 and response MonoLogFuseable
2022-05-29 22:41:00.221  INFO 733021 --- [nio-8082-exec-1] com.webflux.clientflux.TestController    : Start Thread http-nio-8082-exec-1 i 10
2022-05-29 22:41:00.221  INFO 733021 --- [nio-8082-exec-1] reactor.Mono.FlatMap.10                  : | onSubscribe([Fuseable] MonoFlatMap.FlatMapMain)
2022-05-29 22:41:00.222  INFO 733021 --- [nio-8082-exec-1] reactor.Mono.FlatMap.10                  : | request(unbounded)
2022-05-29 22:41:00.224  INFO 733021 --- [nio-8082-exec-1] com.webflux.clientflux.TestController    : End Thread http-nio-8082-exec-1 i 10 and response MonoLogFuseable
2022-05-29 22:41:00.224  INFO 733021 --- [nio-8082-exec-1] com.webflux.clientflux.TestController    : Total time =  0
2022-05-29 22:41:00.228  INFO 733021 --- [nio-8082-exec-1] reactor.Mono.FlatMap.10                  : | onSubscribe([Fuseable] MonoFlatMap.FlatMapMain)
2022-05-29 22:41:00.228  INFO 733021 --- [nio-8082-exec-1] reactor.Mono.FlatMap.10                  : | request(unbounded)
2022-05-29 22:41:00.459  INFO 733021 --- [or-http-epoll-4] reactor.Mono.FlatMap.3                   : | onNext(TestEntity(id=2, name=Name IT: 2))
Total time = 0
2022-05-29 22:41:00.459  INFO 733021 --- [or-http-epoll-4] reactor.Mono.FlatMap.3                   : | onComplete()
2022-05-29 22:41:05.425  INFO 733021 --- [or-http-epoll-1] reactor.Mono.FlatMap.8                   : | onNext(TestEntity(id=7, name=Name IT: 7))
Total time = 5
2022-05-29 22:41:05.425  INFO 733021 --- [or-http-epoll-1] reactor.Mono.FlatMap.8                   : | onComplete()
2022-05-29 22:41:05.425  INFO 733021 --- [or-http-epoll-8] reactor.Mono.FlatMap.7                   : | onNext(TestEntity(id=6, name=Name IT: 6))
Total time = 5
2022-05-29 22:41:05.426  INFO 733021 --- [or-http-epoll-5] reactor.Mono.FlatMap.4                   : | onNext(TestEntity(id=3, name=Name IT: 3))
2022-05-29 22:41:05.426  INFO 733021 --- [or-http-epoll-8] reactor.Mono.FlatMap.7                   : | onComplete()
Total time = 5
2022-05-29 22:41:05.426  INFO 733021 --- [or-http-epoll-5] reactor.Mono.FlatMap.4                   : | onComplete()
2022-05-29 22:41:05.428  INFO 733021 --- [or-http-epoll-2] reactor.Mono.FlatMap.1                   : | onNext(TestEntity(id=0, name=Name IT: 0))
Total time = 5
2022-05-29 22:41:05.428  INFO 733021 --- [or-http-epoll-2] reactor.Mono.FlatMap.1                   : | onComplete()
2022-05-29 22:41:05.432  INFO 733021 --- [or-http-epoll-6] reactor.Mono.FlatMap.5                   : | onNext(TestEntity(id=4, name=Name IT: 4))
Total time = 5
2022-05-29 22:41:05.433  INFO 733021 --- [or-http-epoll-6] reactor.Mono.FlatMap.5                   : | onComplete()
2022-05-29 22:41:05.435  INFO 733021 --- [or-http-epoll-3] reactor.Mono.FlatMap.2                   : | onNext(TestEntity(id=1, name=Name IT: 1))
Total time = 5
2022-05-29 22:41:05.435  INFO 733021 --- [or-http-epoll-3] reactor.Mono.FlatMap.2                   : | onComplete()
2022-05-29 22:41:05.435  INFO 733021 --- [or-http-epoll-7] reactor.Mono.FlatMap.6                   : | onNext(TestEntity(id=5, name=Name IT: 5))
Total time = 5
2022-05-29 22:41:05.435  INFO 733021 --- [or-http-epoll-7] reactor.Mono.FlatMap.6                   : | onComplete()
2022-05-29 22:41:05.437  INFO 733021 --- [or-http-epoll-2] reactor.Mono.FlatMap.9                   : | onNext(TestEntity(id=8, name=Name IT: 8))
Total time = 5
2022-05-29 22:41:05.438  INFO 733021 --- [or-http-epoll-2] reactor.Mono.FlatMap.9                   : | onComplete()
2022-05-29 22:41:05.442  INFO 733021 --- [or-http-epoll-4] reactor.Mono.FlatMap.10                  : | onNext(TestEntity(id=9, name=Name IT: 9))
2022-05-29 22:41:05.442  INFO 733021 --- [or-http-epoll-4] reactor.Mono.FlatMap.10                  : | onComplete()
2022-05-29 22:41:10.439  INFO 733021 --- [or-http-epoll-3] reactor.Mono.FlatMap.10                  : | onNext(TestEntity(id=9, name=Name IT: 9))
Total time = 10
2022-05-29 22:41:10.440  INFO 733021 --- [or-http-epoll-3] reactor.Mono.FlatMap.10                  : | onComplete()


SERVER


  .   ____          _            __ _ _
 /\\ / ___'_ __ _ _(_)_ __  __ _ \ \ \ \
( ( )\___ | '_ | '_| | '_ \/ _` | \ \ \ \
 \\/  ___)| |_)| | | | | || (_| |  ) ) ) )
  '  |____| .__|_| |_|_| |_\__, | / / / /
 =========|_|==============|___/=/_/_/_/
 :: Spring Boot ::                (v2.7.0)

2022-05-29 22:40:57.309  INFO 733120 --- [           main] c.w.threadflux.ThreadfluxApplication     : Starting ThreadfluxApplication using Java 17.0.3 on cp1821 with PID 733120 (/home/mtuser/Projetos/pocs/git/webflux-threads-test/threadflux/target/classes started by mtuser in /home/mtuser/Projetos/pocs/git/gRPC/grpcproducer)
2022-05-29 22:40:57.311  INFO 733120 --- [           main] c.w.threadflux.ThreadfluxApplication     : No active profile set, falling back to 1 default profile: "default"
2022-05-29 22:40:58.147  INFO 733120 --- [           main] o.s.b.web.embedded.netty.NettyWebServer  : Netty started on port 8081
2022-05-29 22:40:58.155  INFO 733120 --- [           main] c.w.threadflux.ThreadfluxApplication     : Started ThreadfluxApplication in 1.146 seconds (JVM running for 1.52)
2022-05-29 22:41:00.411  INFO 733120 --- [or-http-epoll-4] com.webflux.threadflux.TestController    : Thread reactor-http-epoll-4 Start with request body Name IT: 2
2022-05-29 22:41:00.411  INFO 733120 --- [or-http-epoll-1] com.webflux.threadflux.TestController    : Thread reactor-http-epoll-1 Start with request body Name IT: 6
2022-05-29 22:41:00.411  INFO 733120 --- [or-http-epoll-8] com.webflux.threadflux.TestController    : Thread reactor-http-epoll-8 Start with request body Name IT: 0
2022-05-29 22:41:00.411  INFO 733120 --- [or-http-epoll-3] com.webflux.threadflux.TestController    : Thread reactor-http-epoll-3 Start with request body Name IT: 7
2022-05-29 22:41:00.411  INFO 733120 --- [or-http-epoll-6] com.webflux.threadflux.TestController    : Thread reactor-http-epoll-6 Start with request body Name IT: 5
2022-05-29 22:41:00.411  INFO 733120 --- [or-http-epoll-5] com.webflux.threadflux.TestController    : Thread reactor-http-epoll-5 Start with request body Name IT: 4
2022-05-29 22:41:00.411  INFO 733120 --- [or-http-epoll-7] com.webflux.threadflux.TestController    : Thread reactor-http-epoll-7 Start with request body Name IT: 1
2022-05-29 22:41:00.412  INFO 733120 --- [or-http-epoll-3] com.webflux.threadflux.TestController    : counter 2
2022-05-29 22:41:00.412  INFO 733120 --- [or-http-epoll-6] com.webflux.threadflux.TestController    : counter 2
2022-05-29 22:41:00.412  INFO 733120 --- [or-http-epoll-1] com.webflux.threadflux.TestController    : counter 2
2022-05-29 22:41:00.412  INFO 733120 --- [or-http-epoll-5] com.webflux.threadflux.TestController    : counter 2
2022-05-29 22:41:00.412  INFO 733120 --- [or-http-epoll-7] com.webflux.threadflux.TestController    : counter 2
2022-05-29 22:41:00.412  INFO 733120 --- [or-http-epoll-4] com.webflux.threadflux.TestController    : new counter 2
2022-05-29 22:41:00.412  INFO 733120 --- [or-http-epoll-8] com.webflux.threadflux.TestController    : counter 2
2022-05-29 22:41:00.412  INFO 733120 --- [or-http-epoll-4] com.webflux.threadflux.TestController    :  Thread reactor-http-epoll-4 = End with request body Name IT: 2
2022-05-29 22:41:00.413  INFO 733120 --- [or-http-epoll-2] com.webflux.threadflux.TestController    : Thread reactor-http-epoll-2 Start with request body Name IT: 3
2022-05-29 22:41:00.413  INFO 733120 --- [or-http-epoll-2] com.webflux.threadflux.TestController    : counter 2
2022-05-29 22:41:00.422  INFO 733120 --- [or-http-epoll-4] reactor.Mono.Just.1                      : | onSubscribe([Synchronous Fuseable] Operators.ScalarSubscription)
2022-05-29 22:41:00.423  INFO 733120 --- [or-http-epoll-4] reactor.Mono.Just.1                      : | request(unbounded)
2022-05-29 22:41:00.423  INFO 733120 --- [or-http-epoll-4] reactor.Mono.Just.1                      : | onNext(TestEntity(id=2, name=Name IT: 2))
2022-05-29 22:41:00.427  INFO 733120 --- [or-http-epoll-4] reactor.Mono.Just.1                      : | onComplete()
2022-05-29 22:41:00.438  INFO 733120 --- [or-http-epoll-4] com.webflux.threadflux.TestController    : Thread reactor-http-epoll-4 Start with request body Name IT: 9
2022-05-29 22:41:00.439  INFO 733120 --- [or-http-epoll-4] com.webflux.threadflux.TestController    : counter 2
2022-05-29 22:41:05.412  INFO 733120 --- [or-http-epoll-7] com.webflux.threadflux.TestController    : new counter 4
2022-05-29 22:41:05.413  INFO 733120 --- [or-http-epoll-3] com.webflux.threadflux.TestController    : new counter 6
2022-05-29 22:41:05.412  INFO 733120 --- [or-http-epoll-1] com.webflux.threadflux.TestController    : new counter 3
2022-05-29 22:41:05.413  INFO 733120 --- [or-http-epoll-3] com.webflux.threadflux.TestController    :  Thread reactor-http-epoll-3 = End with request body Name IT: 7
2022-05-29 22:41:05.412  INFO 733120 --- [or-http-epoll-8] com.webflux.threadflux.TestController    : new counter 5
2022-05-29 22:41:05.412  INFO 733120 --- [or-http-epoll-6] com.webflux.threadflux.TestController    : new counter 3
2022-05-29 22:41:05.413  INFO 733120 --- [or-http-epoll-1] com.webflux.threadflux.TestController    :  Thread reactor-http-epoll-1 = End with request body Name IT: 6
2022-05-29 22:41:05.413  INFO 733120 --- [or-http-epoll-2] com.webflux.threadflux.TestController    : new counter 7
2022-05-29 22:41:05.414  INFO 733120 --- [or-http-epoll-2] com.webflux.threadflux.TestController    :  Thread reactor-http-epoll-2 = End with request body Name IT: 3
2022-05-29 22:41:05.412  INFO 733120 --- [or-http-epoll-5] com.webflux.threadflux.TestController    : new counter 3
2022-05-29 22:41:05.414  INFO 733120 --- [or-http-epoll-8] com.webflux.threadflux.TestController    :  Thread reactor-http-epoll-8 = End with request body Name IT: 0
2022-05-29 22:41:05.415  INFO 733120 --- [or-http-epoll-5] com.webflux.threadflux.TestController    :  Thread reactor-http-epoll-5 = End with request body Name IT: 4
2022-05-29 22:41:05.416  INFO 733120 --- [or-http-epoll-3] reactor.Mono.Just.2                      : | onSubscribe([Synchronous Fuseable] Operators.ScalarSubscription)
2022-05-29 22:41:05.416  INFO 733120 --- [or-http-epoll-1] reactor.Mono.Just.3                      : | onSubscribe([Synchronous Fuseable] Operators.ScalarSubscription)
2022-05-29 22:41:05.416  INFO 733120 --- [or-http-epoll-3] reactor.Mono.Just.2                      : | request(unbounded)
2022-05-29 22:41:05.417  INFO 733120 --- [or-http-epoll-1] reactor.Mono.Just.3                      : | request(unbounded)
2022-05-29 22:41:05.417  INFO 733120 --- [or-http-epoll-3] reactor.Mono.Just.2                      : | onNext(TestEntity(id=7, name=Name IT: 7))
2022-05-29 22:41:05.417  INFO 733120 --- [or-http-epoll-1] reactor.Mono.Just.3                      : | onNext(TestEntity(id=6, name=Name IT: 6))
2022-05-29 22:41:05.413  INFO 733120 --- [or-http-epoll-7] com.webflux.threadflux.TestController    :  Thread reactor-http-epoll-7 = End with request body Name IT: 1
2022-05-29 22:41:05.418  INFO 733120 --- [or-http-epoll-3] reactor.Mono.Just.2                      : | onComplete()
2022-05-29 22:41:05.418  INFO 733120 --- [or-http-epoll-5] reactor.Mono.Just.6                      : | onSubscribe([Synchronous Fuseable] Operators.ScalarSubscription)
2022-05-29 22:41:05.414  INFO 733120 --- [or-http-epoll-6] com.webflux.threadflux.TestController    :  Thread reactor-http-epoll-6 = End with request body Name IT: 5
2022-05-29 22:41:05.419  INFO 733120 --- [or-http-epoll-5] reactor.Mono.Just.6                      : | request(unbounded)
2022-05-29 22:41:05.418  INFO 733120 --- [or-http-epoll-1] reactor.Mono.Just.3                      : | onComplete()
2022-05-29 22:41:05.419  INFO 733120 --- [or-http-epoll-2] reactor.Mono.Just.4                      : | onSubscribe([Synchronous Fuseable] Operators.ScalarSubscription)
2022-05-29 22:41:05.420  INFO 733120 --- [or-http-epoll-2] reactor.Mono.Just.4                      : | request(unbounded)
2022-05-29 22:41:05.420  INFO 733120 --- [or-http-epoll-2] reactor.Mono.Just.4                      : | onNext(TestEntity(id=3, name=Name IT: 3))
2022-05-29 22:41:05.420  INFO 733120 --- [or-http-epoll-6] reactor.Mono.Just.8                      : | onSubscribe([Synchronous Fuseable] Operators.ScalarSubscription)
2022-05-29 22:41:05.421  INFO 733120 --- [or-http-epoll-6] reactor.Mono.Just.8                      : | request(unbounded)
2022-05-29 22:41:05.421  INFO 733120 --- [or-http-epoll-2] reactor.Mono.Just.4                      : | onComplete()
2022-05-29 22:41:05.421  INFO 733120 --- [or-http-epoll-7] reactor.Mono.Just.7                      : | onSubscribe([Synchronous Fuseable] Operators.ScalarSubscription)
2022-05-29 22:41:05.421  INFO 733120 --- [or-http-epoll-7] reactor.Mono.Just.7                      : | request(unbounded)
2022-05-29 22:41:05.422  INFO 733120 --- [or-http-epoll-7] reactor.Mono.Just.7                      : | onNext(TestEntity(id=1, name=Name IT: 1))
2022-05-29 22:41:05.422  INFO 733120 --- [or-http-epoll-8] reactor.Mono.Just.5                      : | onSubscribe([Synchronous Fuseable] Operators.ScalarSubscription)
2022-05-29 22:41:05.423  INFO 733120 --- [or-http-epoll-8] reactor.Mono.Just.5                      : | request(unbounded)
2022-05-29 22:41:05.423  INFO 733120 --- [or-http-epoll-7] reactor.Mono.Just.7                      : | onComplete()
2022-05-29 22:41:05.423  INFO 733120 --- [or-http-epoll-8] reactor.Mono.Just.5                      : | onNext(TestEntity(id=0, name=Name IT: 0))
2022-05-29 22:41:05.424  INFO 733120 --- [or-http-epoll-8] reactor.Mono.Just.5                      : | onComplete()
2022-05-29 22:41:05.419  INFO 733120 --- [or-http-epoll-5] reactor.Mono.Just.6                      : | onNext(TestEntity(id=4, name=Name IT: 4))
2022-05-29 22:41:05.426  INFO 733120 --- [or-http-epoll-5] reactor.Mono.Just.6                      : | onComplete()
2022-05-29 22:41:05.430  INFO 733120 --- [or-http-epoll-3] com.webflux.threadflux.TestController    : Thread reactor-http-epoll-3 Start with request body Name IT: 8
2022-05-29 22:41:05.430  INFO 733120 --- [or-http-epoll-3] com.webflux.threadflux.TestController    : new counter 8
2022-05-29 22:41:05.430  INFO 733120 --- [or-http-epoll-3] com.webflux.threadflux.TestController    :  Thread reactor-http-epoll-3 = End with request body Name IT: 8
2022-05-29 22:41:05.428  INFO 733120 --- [or-http-epoll-2] com.webflux.threadflux.TestController    : Thread reactor-http-epoll-2 Start with request body Name IT: 9
2022-05-29 22:41:05.421  INFO 733120 --- [or-http-epoll-6] reactor.Mono.Just.8                      : | onNext(TestEntity(id=5, name=Name IT: 5))
2022-05-29 22:41:05.431  INFO 733120 --- [or-http-epoll-2] com.webflux.threadflux.TestController    : counter 8
2022-05-29 22:41:05.432  INFO 733120 --- [or-http-epoll-6] reactor.Mono.Just.8                      : | onComplete()
2022-05-29 22:41:05.433  INFO 733120 --- [or-http-epoll-3] reactor.Mono.Just.9                      : | onSubscribe([Synchronous Fuseable] Operators.ScalarSubscription)
2022-05-29 22:41:05.434  INFO 733120 --- [or-http-epoll-3] reactor.Mono.Just.9                      : | request(unbounded)
2022-05-29 22:41:05.434  INFO 733120 --- [or-http-epoll-3] reactor.Mono.Just.9                      : | onNext(TestEntity(id=8, name=Name IT: 8))
2022-05-29 22:41:05.435  INFO 733120 --- [or-http-epoll-3] reactor.Mono.Just.9                      : | onComplete()
2022-05-29 22:41:05.439  INFO 733120 --- [or-http-epoll-4] com.webflux.threadflux.TestController    : new counter 9
2022-05-29 22:41:05.439  INFO 733120 --- [or-http-epoll-4] com.webflux.threadflux.TestController    :  Thread reactor-http-epoll-4 = End with request body Name IT: 9
2022-05-29 22:41:05.440  INFO 733120 --- [or-http-epoll-4] reactor.Mono.Just.10                     : | onSubscribe([Synchronous Fuseable] Operators.ScalarSubscription)
2022-05-29 22:41:05.440  INFO 733120 --- [or-http-epoll-4] reactor.Mono.Just.10                     : | request(unbounded)
2022-05-29 22:41:05.440  INFO 733120 --- [or-http-epoll-4] reactor.Mono.Just.10                     : | onNext(TestEntity(id=9, name=Name IT: 9))
2022-05-29 22:41:05.440  INFO 733120 --- [or-http-epoll-4] reactor.Mono.Just.10                     : | onComplete()
2022-05-29 22:41:10.432  INFO 733120 --- [or-http-epoll-2] com.webflux.threadflux.TestController    : new counter 10
2022-05-29 22:41:10.433  INFO 733120 --- [or-http-epoll-2] com.webflux.threadflux.TestController    :  Thread reactor-http-epoll-2 = End with request body Name IT: 9
2022-05-29 22:41:10.435  INFO 733120 --- [or-http-epoll-2] reactor.Mono.Just.11                     : | onSubscribe([Synchronous Fuseable] Operators.ScalarSubscription)
2022-05-29 22:41:10.435  INFO 733120 --- [or-http-epoll-2] reactor.Mono.Just.11                     : | request(unbounded)
2022-05-29 22:41:10.436  INFO 733120 --- [or-http-epoll-2] reactor.Mono.Just.11                     : | onNext(TestEntity(id=9, name=Name IT: 9))
2022-05-29 22:41:10.437  INFO 733120 --- [or-http-epoll-2] reactor.Mono.Just.11                     : | onComplete()

